<?xml version="1.0" encoding="UTF-8"?>
<testng-results skipped="0" failed="0" total="2" passed="2">
  <reporter-output>
  </reporter-output>
  <suite name="Default suite" duration-ms="19069" started-at="2017-02-16T03:46:59Z" finished-at="2017-02-16T03:47:18Z">
    <groups>
    </groups>
    <test name="Default test" duration-ms="19069" started-at="2017-02-16T03:46:59Z" finished-at="2017-02-16T03:47:18Z">
      <class name="Test.DataProvider">
        <test-method status="PASS" signature="test1()[pri:0, instance:Test.DataProvider@457e2f02]" name="test1" is-config="true" duration-ms="12281" started-at="2017-02-16T09:16:59Z" finished-at="2017-02-16T09:17:12Z">
          <reporter-output>
          </reporter-output>
        </test-method> <!-- test1 -->
        <test-method status="PASS" signature="test3(java.lang.String, java.lang.String, java.lang.String)[pri:0, instance:Test.DataProvider@457e2f02]" name="test3" duration-ms="3401" started-at="2017-02-16T09:17:12Z" data-provider="test2" finished-at="2017-02-16T09:17:16Z">
          <params>
            <param index="0">
              <value>
                <![CDATA[bhaearth@gmail.com]]>
              </value>
            </param>
            <param index="1">
              <value>
                <![CDATA[kumar]]>
              </value>
            </param>
            <param index="2">
              <value>
                <![CDATA[https://www.facebook.com/login.php?login_attempt=1&lwv=110]]>
              </value>
            </param>
          </params>
          <reporter-output>
          </reporter-output>
        </test-method> <!-- test3 -->
        <test-method status="PASS" signature="test3(java.lang.String, java.lang.String, java.lang.String)[pri:0, instance:Test.DataProvider@457e2f02]" name="test3" duration-ms="2610" started-at="2017-02-16T09:17:16Z" data-provider="test2" finished-at="2017-02-16T09:17:18Z">
          <params>
            <param index="0">
              <value>
                <![CDATA[bhaearth@gmail.com]]>
              </value>
            </param>
            <param index="1">
              <value>
                <![CDATA[kumar1]]>
              </value>
            </param>
            <param index="2">
              <value>
                <![CDATA[https://www.facebook.com/login.php?login_attempt=1&lwv=110]]>
              </value>
            </param>
          </params>
          <reporter-output>
          </reporter-output>
        </test-method> <!-- test3 -->
        <test-method status="PASS" signature="test3()[pri:0, instance:Test.DataProvider@457e2f02]" name="test3" is-config="true" duration-ms="11" started-at="2017-02-16T09:17:18Z" finished-at="2017-02-16T09:17:18Z">
          <reporter-output>
          </reporter-output>
        </test-method> <!-- test3 -->
      </class> <!-- Test.DataProvider -->
    </test> <!-- Default test -->
  </suite> <!-- Default suite -->
</testng-results>
